<?xml version="1.0" encoding="UTF-8"?>
<!-- Generated by org.testng.reporters.JUnitReportReporter -->
<testsuite hostname="kairosHW0448" failures="0" tests="1" name="com.SP.testcases.BankManagerLoginTest" time="3.180" errors="0" timestamp="03 May 2023 08:36:16 GMT" skipped="0">
  <testcase classname="com.SP.testcases.BankManagerLoginTest" name="bankManagerLoginTest" time="3.180"/>
</testsuite> <!-- com.SP.testcases.BankManagerLoginTest -->
