<?xml version="1.0" encoding="UTF-8"?>
<!-- Generated by org.testng.reporters.JUnitReportReporter -->
<testsuite hostname="kairosHW0451" failures="0" tests="1" name="com.minnwest.testcases.Transfer_login" time="62.270" errors="0" timestamp="31 May 2023 06:16:18 GMT" skipped="0">
  <testcase classname="com.minnwest.testcases.Transfer_login" name="Transfer_login" time="62.270"/>
</testsuite> <!-- com.minnwest.testcases.Transfer_login -->
