<?xml version="1.0" encoding="UTF-8"?>
<!-- Generated by org.testng.reporters.JUnitReportReporter -->
<testsuite hostname="kairosHW0451" failures="0" tests="1" name="com.minnwest.testcases.Mutiple_login_Cred" time="99.080" errors="0" timestamp="31 May 2023 06:23:03 GMT" skipped="0">
  <testcase classname="com.minnwest.testcases.Mutiple_login_Cred" name="Transfer_login" time="99.080"/>
</testsuite> <!-- com.minnwest.testcases.Mutiple_login_Cred -->
