<?xml version="1.0" encoding="UTF-8"?>
<!-- Generated by org.testng.reporters.JUnitReportReporter -->
<testsuite hostname="kairosHW0448" failures="0" tests="4" name="com.SP.testcases.AddCustomerTest" time="13.589" errors="0" timestamp="03 May 2023 08:36:16 GMT" skipped="1">
  <testcase classname="com.SP.testcases.AddCustomerTest" name="addCustomerTest" time="0.000">
    <skipped/>
  </testcase> <!-- addCustomerTest -->
  <testcase classname="com.SP.testcases.AddCustomerTest" name="addCustomerTest" time="4.567"/>
  <testcase classname="com.SP.testcases.AddCustomerTest" name="addCustomerTest" time="4.559"/>
  <testcase classname="com.SP.testcases.AddCustomerTest" name="addCustomerTest" time="4.463"/>
</testsuite> <!-- com.SP.testcases.AddCustomerTest -->
