<?xml version="1.0" encoding="UTF-8"?>
<!-- Generated by org.testng.reporters.JUnitReportReporter -->
<testsuite hostname="kairosHW0451" failures="0" tests="1" name="com.SP.testcases.Minnwest_Login" time="18.709" errors="0" timestamp="04 May 2023 08:45:31 GMT" skipped="0">
  <testcase classname="com.SP.testcases.Minnwest_Login" name="Minnwest_Login" time="18.709"/>
</testsuite> <!-- com.SP.testcases.Minnwest_Login -->
